  Assembling ..\..\theFirstProject\test.asm...
..\..\theFirstProject\test.asm(273): warning A6001: no return from procedure
..\..\theFirstProject\test.asm(63): warning A4014: instructions and initialized data not supported in BSS segments
..\..\theFirstProject\test.asm(65): warning A4014: instructions and initialized data not supported in BSS segments
..\..\theFirstProject\test.asm(67): warning A4014: instructions and initialized data not supported in BSS segments
..\..\theFirstProject\test.asm(69): warning A4014: instructions and initialized data not supported in BSS segments
..\..\theFirstProject\test.asm(70): warning A4014: instructions and initialized data not supported in BSS segments
..\..\theFirstProject\test.asm(71): warning A4014: instructions and initialized data not supported in BSS segments
..\..\theFirstProject\test.asm(72): warning A4014: instructions and initialized data not supported in BSS segments
..\..\theFirstProject\test.asm(73): warning A4014: instructions and initialized data not supported in BSS segments
..\..\theFirstProject\test.asm(141): warning A6004: procedure argument or local not referenced : hWnd
..\..\theFirstProject\test.asm(141): warning A6004: procedure argument or local not referenced : @bminfo
..\..\theFirstProject\test.asm(155): warning A6004: procedure argument or local not referenced : hWnd
..\..\theFirstProject\test.asm(405): warning A6004: procedure argument or local not referenced : @posX
..\..\theFirstProject\test.asm(405): warning A6004: procedure argument or local not referenced : @posY
..\..\theFirstProject\test.asm(426): warning A6004: procedure argument or local not referenced : @posX
..\..\theFirstProject\test.asm(426): warning A6004: procedure argument or local not referenced : @posY
..\..\theFirstProject\test.asm(463): warning A6004: procedure argument or local not referenced : @posX
..\..\theFirstProject\test.asm(463): warning A6004: procedure argument or local not referenced : @posY
..\..\theFirstProject\test.asm(693): warning A6004: procedure argument or local not referenced : @hDc
..\..\theFirstProject\test.asm(693): warning A6004: procedure argument or local not referenced : @stPs
..\..\theFirstProject\test.asm(693): warning A6004: procedure argument or local not referenced : @hBitMap
  game.vcxproj -> E:\Projects\VS_C_X86_ASM\game\Debug\game.exe
